2021-11-07 02:28:06.254  WARN 6460 --- [HikariPool-1 housekeeper] com.zaxxer.hikari.pool.HikariPool        : HikariPool-1 - Thread starvation or clock leap detected (housekeeper delta=25m22s906ms430µs900ns).
2021-11-07 02:29:05.307  WARN 6460 --- [HikariPool-1 housekeeper] com.zaxxer.hikari.pool.HikariPool        : HikariPool-1 - Thread starvation or clock leap detected (housekeeper delta=1m4s830ms388µs600ns).
2021-11-07 03:09:32.689  WARN 6460 --- [HikariPool-1 housekeeper] com.zaxxer.hikari.pool.HikariPool        : HikariPool-1 - Thread starvation or clock leap detected (housekeeper delta=10m24s886ms178µs600ns).
2021-11-07 17:23:49.391  INFO 16824 --- [main] tn.esprit.spring.test.DepartementTest    : Starting DepartementTest on DESKTOP-KAFQ2SH with PID 16824 (started by KHALIL LAABIDI in C:\Users\KHALIL LAABIDI\Documents\workspace-sts-3.8.4.RELEASE\TimesheetProject)
2021-11-07 17:23:49.391  INFO 16824 --- [main] tn.esprit.spring.test.DepartementTest    : No active profile set, falling back to default profiles: default
2021-11-07 17:23:51.230  INFO 16824 --- [main] .s.d.r.c.RepositoryConfigurationDelegate : Bootstrapping Spring Data repositories in DEFAULT mode.
2021-11-07 17:23:51.346  INFO 16824 --- [main] .s.d.r.c.RepositoryConfigurationDelegate : Finished Spring Data repository scanning in 106ms. Found 1 repository interfaces.
2021-11-07 17:23:51.918  INFO 16824 --- [main] trationDelegate$BeanPostProcessorChecker : Bean 'org.springframework.transaction.annotation.ProxyTransactionManagementConfiguration' of type [org.springframework.transaction.annotation.ProxyTransactionManagementConfiguration$$EnhancerBySpringCGLIB$$1b6933ca] is not eligible for getting processed by all BeanPostProcessors (for example: not eligible for auto-proxying)
2021-11-07 17:23:52.192  INFO 16824 --- [main] com.zaxxer.hikari.HikariDataSource       : HikariPool-1 - Starting...
2021-11-07 17:23:52.944  INFO 16824 --- [main] com.zaxxer.hikari.HikariDataSource       : HikariPool-1 - Start completed.
2021-11-07 17:23:53.141  INFO 16824 --- [main] o.hibernate.jpa.internal.util.LogHelper  : HHH000204: Processing PersistenceUnitInfo [
	name: default
	...]
2021-11-07 17:23:53.230  INFO 16824 --- [main] org.hibernate.Version                    : HHH000412: Hibernate Core {5.3.11.Final}
2021-11-07 17:23:53.230  INFO 16824 --- [main] org.hibernate.cfg.Environment            : HHH000206: hibernate.properties not found
2021-11-07 17:23:53.437  INFO 16824 --- [main] o.hibernate.annotations.common.Version   : HCANN000001: Hibernate Commons Annotations {5.0.4.Final}
2021-11-07 17:23:54.249  INFO 16824 --- [main] org.hibernate.dialect.Dialect            : HHH000400: Using dialect: org.hibernate.dialect.MySQL5Dialect
2021-11-07 17:23:56.438  INFO 16824 --- [main] j.LocalContainerEntityManagerFactoryBean : Initialized JPA EntityManagerFactory for persistence unit 'default'
2021-11-07 17:23:57.495  INFO 16824 --- [main] o.s.s.concurrent.ThreadPoolTaskExecutor  : Initializing ExecutorService 'applicationTaskExecutor'
2021-11-07 17:23:57.576  WARN 16824 --- [main] aWebConfiguration$JpaWebMvcConfiguration : spring.jpa.open-in-view is enabled by default. Therefore, database queries may be performed during view rendering. Explicitly configure spring.jpa.open-in-view to disable this warning
2021-11-07 17:23:58.055  INFO 16824 --- [main] tn.esprit.spring.test.DepartementTest    : Started DepartementTest in 12.686 seconds (JVM running for 18.106)
2021-11-07 17:23:59.418  INFO 16824 --- [main] tn.esprit.spring.test.DepartementTest    : Ajouter departement : tn.esprit.spring.entities.Departement@5d717f19
2021-11-07 17:23:59.572  INFO 16824 --- [main] o.h.h.i.QueryTranslatorFactoryInitiator  : HHH000397: Using ASTQueryTranslatorFactory
2021-11-07 17:23:59.719  INFO 16824 --- [main] t.e.s.services.DepartementServiceImpl    : departement : [tn.esprit.spring.entities.Departement@165d1d54, tn.esprit.spring.entities.Departement@1d1c37d5, tn.esprit.spring.entities.Departement@63553e9f, tn.esprit.spring.entities.Departement@218df7d6, tn.esprit.spring.entities.Departement@295b07e0, tn.esprit.spring.entities.Departement@55053f81, tn.esprit.spring.entities.Departement@1fee4278, tn.esprit.spring.entities.Departement@51132514, tn.esprit.spring.entities.Departement@20864cd1, tn.esprit.spring.entities.Departement@5c839677, tn.esprit.spring.entities.Departement@3193e21d, tn.esprit.spring.entities.Departement@79604abe, tn.esprit.spring.entities.Departement@6b126187, tn.esprit.spring.entities.Departement@2b6262bc]
2021-11-07 17:23:59.719  INFO 16824 --- [main] tn.esprit.spring.test.DepartementTest    : retrieve departement : [tn.esprit.spring.entities.Departement@165d1d54, tn.esprit.spring.entities.Departement@1d1c37d5, tn.esprit.spring.entities.Departement@63553e9f, tn.esprit.spring.entities.Departement@218df7d6, tn.esprit.spring.entities.Departement@295b07e0, tn.esprit.spring.entities.Departement@55053f81, tn.esprit.spring.entities.Departement@1fee4278, tn.esprit.spring.entities.Departement@51132514, tn.esprit.spring.entities.Departement@20864cd1, tn.esprit.spring.entities.Departement@5c839677, tn.esprit.spring.entities.Departement@3193e21d, tn.esprit.spring.entities.Departement@79604abe, tn.esprit.spring.entities.Departement@6b126187, tn.esprit.spring.entities.Departement@2b6262bc]
2021-11-07 17:23:59.750  INFO 16824 --- [Thread-2] o.s.s.concurrent.ThreadPoolTaskExecutor  : Shutting down ExecutorService 'applicationTaskExecutor'
2021-11-07 17:23:59.750  INFO 16824 --- [Thread-2] j.LocalContainerEntityManagerFactoryBean : Closing JPA EntityManagerFactory for persistence unit 'default'
2021-11-07 17:24:00.687  INFO 16824 --- [Thread-2] com.zaxxer.hikari.HikariDataSource       : HikariPool-1 - Shutdown initiated...
2021-11-07 17:24:01.236  INFO 16824 --- [Thread-2] com.zaxxer.hikari.HikariDataSource       : HikariPool-1 - Shutdown completed.
2021-11-07 17:26:45.703  INFO 15480 --- [main] tn.esprit.spring.test.DepartementTest    : Starting DepartementTest on DESKTOP-KAFQ2SH with PID 15480 (started by KHALIL LAABIDI in C:\Users\KHALIL LAABIDI\Documents\workspace-sts-3.8.4.RELEASE\TimesheetProject)
2021-11-07 17:26:45.703  INFO 15480 --- [main] tn.esprit.spring.test.DepartementTest    : No active profile set, falling back to default profiles: default
2021-11-07 17:26:46.248  INFO 15480 --- [main] .s.d.r.c.RepositoryConfigurationDelegate : Bootstrapping Spring Data repositories in DEFAULT mode.
2021-11-07 17:26:46.319  INFO 15480 --- [main] .s.d.r.c.RepositoryConfigurationDelegate : Finished Spring Data repository scanning in 61ms. Found 1 repository interfaces.
2021-11-07 17:26:46.687  INFO 15480 --- [main] trationDelegate$BeanPostProcessorChecker : Bean 'org.springframework.transaction.annotation.ProxyTransactionManagementConfiguration' of type [org.springframework.transaction.annotation.ProxyTransactionManagementConfiguration$$EnhancerBySpringCGLIB$$7e318689] is not eligible for getting processed by all BeanPostProcessors (for example: not eligible for auto-proxying)
2021-11-07 17:26:46.890  INFO 15480 --- [main] com.zaxxer.hikari.HikariDataSource       : HikariPool-1 - Starting...
2021-11-07 17:26:47.085  INFO 15480 --- [main] com.zaxxer.hikari.HikariDataSource       : HikariPool-1 - Start completed.
2021-11-07 17:26:47.217  INFO 15480 --- [main] o.hibernate.jpa.internal.util.LogHelper  : HHH000204: Processing PersistenceUnitInfo [
	name: default
	...]
2021-11-07 17:26:47.310  INFO 15480 --- [main] org.hibernate.Version                    : HHH000412: Hibernate Core {5.3.11.Final}
2021-11-07 17:26:47.318  INFO 15480 --- [main] org.hibernate.cfg.Environment            : HHH000206: hibernate.properties not found
2021-11-07 17:26:47.510  INFO 15480 --- [main] o.hibernate.annotations.common.Version   : HCANN000001: Hibernate Commons Annotations {5.0.4.Final}
2021-11-07 17:26:48.058  INFO 15480 --- [main] org.hibernate.dialect.Dialect            : HHH000400: Using dialect: org.hibernate.dialect.MySQL5Dialect
2021-11-07 17:26:48.929  INFO 15480 --- [main] j.LocalContainerEntityManagerFactoryBean : Initialized JPA EntityManagerFactory for persistence unit 'default'
2021-11-07 17:26:49.884  INFO 15480 --- [main] o.s.s.concurrent.ThreadPoolTaskExecutor  : Initializing ExecutorService 'applicationTaskExecutor'
2021-11-07 17:26:49.935  WARN 15480 --- [main] aWebConfiguration$JpaWebMvcConfiguration : spring.jpa.open-in-view is enabled by default. Therefore, database queries may be performed during view rendering. Explicitly configure spring.jpa.open-in-view to disable this warning
2021-11-07 17:26:50.301  INFO 15480 --- [main] tn.esprit.spring.test.DepartementTest    : Started DepartementTest in 4.89 seconds (JVM running for 5.644)
2021-11-07 17:26:50.424  INFO 15480 --- [main] tn.esprit.spring.test.DepartementTest    : Ajouter departement : tn.esprit.spring.entities.Departement@2b7774d5
2021-11-07 17:26:50.446  INFO 15480 --- [main] o.h.h.i.QueryTranslatorFactoryInitiator  : HHH000397: Using ASTQueryTranslatorFactory
2021-11-07 17:26:50.567  INFO 15480 --- [main] t.e.s.services.DepartementServiceImpl    : departement : [tn.esprit.spring.entities.Departement@1d1c37d5, tn.esprit.spring.entities.Departement@295b07e0, tn.esprit.spring.entities.Departement@55053f81, tn.esprit.spring.entities.Departement@1fee4278, tn.esprit.spring.entities.Departement@51132514, tn.esprit.spring.entities.Departement@20864cd1, tn.esprit.spring.entities.Departement@5c839677, tn.esprit.spring.entities.Departement@3193e21d, tn.esprit.spring.entities.Departement@79604abe, tn.esprit.spring.entities.Departement@6b126187, tn.esprit.spring.entities.Departement@2b6262bc, tn.esprit.spring.entities.Departement@5cffec7, tn.esprit.spring.entities.Departement@7e81617a, tn.esprit.spring.entities.Departement@6e73974, tn.esprit.spring.entities.Departement@44eb2452, tn.esprit.spring.entities.Departement@31940704]
2021-11-07 17:26:50.567  INFO 15480 --- [main] tn.esprit.spring.test.DepartementTest    : retrieve departement : [tn.esprit.spring.entities.Departement@1d1c37d5, tn.esprit.spring.entities.Departement@295b07e0, tn.esprit.spring.entities.Departement@55053f81, tn.esprit.spring.entities.Departement@1fee4278, tn.esprit.spring.entities.Departement@51132514, tn.esprit.spring.entities.Departement@20864cd1, tn.esprit.spring.entities.Departement@5c839677, tn.esprit.spring.entities.Departement@3193e21d, tn.esprit.spring.entities.Departement@79604abe, tn.esprit.spring.entities.Departement@6b126187, tn.esprit.spring.entities.Departement@2b6262bc, tn.esprit.spring.entities.Departement@5cffec7, tn.esprit.spring.entities.Departement@7e81617a, tn.esprit.spring.entities.Departement@6e73974, tn.esprit.spring.entities.Departement@44eb2452, tn.esprit.spring.entities.Departement@31940704]
2021-11-07 17:26:50.589  INFO 15480 --- [Thread-2] o.s.s.concurrent.ThreadPoolTaskExecutor  : Shutting down ExecutorService 'applicationTaskExecutor'
2021-11-07 17:26:50.589  INFO 15480 --- [Thread-2] j.LocalContainerEntityManagerFactoryBean : Closing JPA EntityManagerFactory for persistence unit 'default'
2021-11-07 17:26:50.589  INFO 15480 --- [Thread-2] com.zaxxer.hikari.HikariDataSource       : HikariPool-1 - Shutdown initiated...
2021-11-07 17:26:50.599  INFO 15480 --- [Thread-2] com.zaxxer.hikari.HikariDataSource       : HikariPool-1 - Shutdown completed.
